<?xml version="1.0" encoding="UTF-8"?>
<!-- Generated by org.testng.reporters.JUnitReportReporter -->
<testsuite hostname="AKSHAY-NAIKWADI" failures="0" tests="1" name="POM_DDF_TestNG_BaseClass_UtilityClass.KiteLoginTest" time="1.150" errors="0" timestamp="2022-07-23T15:43:38 IST" skipped="0">
  <testcase classname="POM_DDF_TestNG_BaseClass_UtilityClass.KiteLoginTest" name="VerifyUserID" time="1.150"/>
  <system-out>
    <![CDATA[------------running verifyUserID Test case-------------]]>
  </system-out>
</testsuite> <!-- POM_DDF_TestNG_BaseClass_UtilityClass.KiteLoginTest -->
